error,/Users/wangxin/workspace/py_module/module_four_ftp_thread/server/home/alex
error,False
error,False
error,/Users/wangxin/workspace/py_module/module_four_ftp_thread/server/home/alex
error,False
error,False
error,/Users/wangxin/workspace/py_module/module_four_ftp_thread/server/home/alex
error,False
error,False
error,/Users/wangxin/workspace/py_module/module_four_ftp_thread/server/home/alex
error,False
error,False
error,/Users/wangxin/workspace/py_module/module_four_ftp_thread/server/home/alex
error,False
error,False
error,/jk.mp4
error,/Users/wangxin/workspace/py_module/module_four_ftp_thread/server/home/alex
error,False
error,False
error,/jk.mp4
2021-05-12 22:28:29.error,/Users/wangxin/workspace/py_module/module_four_ftp_thread/server/home/alex
2021-05-12 22:28:29.error,False
2021-05-12 22:28:29.error,False
2021-05-12 22:28:31.error,/jk.mp4
2021-05-12 22:34:18.error,/Users/wangxin/workspace/py_module/module_four_ftp_thread/server/home/alex
2021-05-12 22:34:18.error,False
2021-05-12 22:34:18.error,False
2021-05-12 22:37:02.error,/Users/wangxin/workspace/py_module/module_four_ftp_thread/server/home/alex
2021-05-12 22:37:02.error,False
2021-05-12 22:37:02.error,False
2021-05-12 22:39:17.error,/Users/wangxin/workspace/py_module/module_four_ftp_thread/server/home/alex
2021-05-12 22:39:17.error,False
2021-05-12 22:39:17.error,False
2021-05-12 22:39:35.error,/Users/wangxin/workspace/py_module/module_four_ftp_thread/server/home/alex
2021-05-12 22:39:35.error,False
2021-05-12 22:39:35.error,False
2021-05-12 22:46:31.error,/Users/wangxin/workspace/py_module/module_four_ftp_thread/server/home/alex
2021-05-12 22:46:31.error,False
2021-05-12 22:46:31.error,False
2021-05-12 22:49:27.error,/Users/wangxin/workspace/py_module/module_four_ftp_thread/server/home/alex
2021-05-12 22:49:27.error,False
2021-05-12 22:49:27.error,False
2021-05-12 23:48:16.error,<class 'str'>
2021-05-12 23:48:16.error,<class 'str'>
2021-05-12 23:48:16.error,sex.jpg
2021-05-12 23:52:05.error,<class 'str'>
2021-05-12 23:52:05.error,<class 'str'>
2021-05-12 23:52:05.error,sex.jpg
2021-05-12 23:53:12.error,<class 'str'>
2021-05-12 23:53:12.error,<class 'str'>
2021-05-12 23:53:12.error,sex.jpg
